<?xml version="1.0" encoding="UTF-8"?>
<!-- Generated by org.testng.reporters.JUnitXMLReporter -->
<testsuite hostname="DESKTOP-AR628H2" ignored="0" name="Default test" tests="2" failures="0" timestamp="10 Jun 2018 01:50:17 GMT" time="31.011" errors="0">
  <testcase name="verifiedInvalidLogin" time="13.957" classname="com.invalidlogin.test.RegressionTestScripts"/>
  <testcase name="verifiedValidLogin" time="17.029" classname="com.invalidlogin.test.RegressionTestScripts"/>
</testsuite> <!-- Default test -->
