<?xml version="1.0" encoding="UTF-8"?>
<!-- Generated by org.testng.reporters.JUnitXMLReporter -->
<testsuite hostname="DESKTOP-AR628H2" ignored="0" name="MercuryTesting" tests="2" failures="0" timestamp="23 Jun 2018 23:07:00 GMT" time="37.307" errors="0">
  <testcase name="verifiedInvalidLogin" time="19.959" classname="com.invalidlogin.test.RegressionTestScripts"/>
  <testcase name="verifiedValidLogin" time="17.25" classname="com.invalidlogin.test.RegressionTestScripts"/>
</testsuite> <!-- MercuryTesting -->
