<?xml version="1.0" encoding="UTF-8"?>
<testng-results skipped="0" failed="0" ignored="0" total="2" passed="2">
  <reporter-output>
  </reporter-output>
  <suite name="RegressionSuite" duration-ms="37307" started-at="2018-06-23T23:06:23Z" finished-at="2018-06-23T23:07:00Z">
    <groups>
    </groups>
    <test name="MercuryTesting" duration-ms="37307" started-at="2018-06-23T23:06:23Z" finished-at="2018-06-23T23:07:00Z">
      <class name="com.invalidlogin.test.RegressionTestScripts">
        <test-method status="PASS" signature="verifiedInvalidLogin()[pri:0, instance:com.invalidlogin.test.RegressionTestScripts@76b0bfab]" name="verifiedInvalidLogin" duration-ms="19959" started-at="2018-06-23T23:06:23Z" finished-at="2018-06-23T23:06:43Z">
          <reporter-output>
          </reporter-output>
        </test-method> <!-- verifiedInvalidLogin -->
        <test-method status="PASS" signature="verifiedValidLogin()[pri:1, instance:com.invalidlogin.test.RegressionTestScripts@76b0bfab]" name="verifiedValidLogin" duration-ms="17250" started-at="2018-06-23T23:06:43Z" finished-at="2018-06-23T23:07:00Z">
          <reporter-output>
          </reporter-output>
        </test-method> <!-- verifiedValidLogin -->
      </class> <!-- com.invalidlogin.test.RegressionTestScripts -->
    </test> <!-- MercuryTesting -->
  </suite> <!-- RegressionSuite -->
</testng-results>
